\BOOKMARK [1][-]{section.1}{Introduction}{}% 1
\BOOKMARK [1][-]{section.2}{The hysteretic threshold autoregressive \(HysTAR\) model}{}% 2
\BOOKMARK [2][-]{subsection.2.1}{TAR model}{section.2}% 3
\BOOKMARK [2][-]{subsection.2.2}{HysTAR model}{section.2}% 4
\BOOKMARK [1][-]{section.3}{Model estimation and inference}{}% 5
\BOOKMARK [2][-]{subsection.3.1}{Parameter estimation}{section.3}% 6
\BOOKMARK [2][-]{subsection.3.2}{Estimation challenges}{section.3}% 7
\BOOKMARK [2][-]{subsection.3.3}{Parameter inference}{section.3}% 8
\BOOKMARK [2][-]{subsection.3.4}{Order selection}{section.3}% 9
\BOOKMARK [2][-]{subsection.3.5}{Model selection}{section.3}% 10
\BOOKMARK [1][-]{section.4}{Simulation study 1: Model selection}{}% 11
\BOOKMARK [2][-]{subsection.4.1}{Simulation setup}{section.4}% 12
\BOOKMARK [2][-]{subsection.4.2}{Results}{section.4}% 13
\BOOKMARK [2][-]{subsection.4.3}{Conclusion}{section.4}% 14
\BOOKMARK [1][-]{section.5}{Simulation Study 2: Parameter estimation}{}% 15
\BOOKMARK [2][-]{subsection.5.1}{Performance measures}{section.5}% 16
\BOOKMARK [2][-]{subsection.5.2}{Results}{section.5}% 17
\BOOKMARK [1][-]{section.6}{Empirical example 1: Depression}{}% 18
\BOOKMARK [2][-]{subsubsection.6.0.1}{Results}{section.6}% 19
\BOOKMARK [1][-]{section.7}{Empirical example 2: Speed-accuracy Trade-off}{}% 20
\BOOKMARK [2][-]{subsection.7.1}{Data analysis}{section.7}% 21
\BOOKMARK [2][-]{subsection.7.2}{Results}{section.7}% 22
\BOOKMARK [1][-]{section.8}{Discussion}{}% 23
\BOOKMARK [1][-]{appendix.A}{Least squares estimation of \040given r and d}{}% 24
\BOOKMARK [2][-]{subsection.A.1}{Estimation}{appendix.A}% 25
\BOOKMARK [2][-]{subsection.A.2}{Inference}{appendix.A}% 26
\BOOKMARK [1][-]{appendix.B}{Results from SAT experiment}{}% 27
